[debug] [2025-04-16T10:40:14.898Z] ----------------------------------------------------------------------
[debug] [2025-04-16T10:40:14.899Z] Command:       /Users/mohamedrabah/.nvm/versions/node/v18.20.8/bin/node /Users/mohamedrabah/.nvm/versions/node/v18.20.8/bin/firebase init functions
[debug] [2025-04-16T10:40:14.900Z] CLI Version:   13.35.1
[debug] [2025-04-16T10:40:14.900Z] Platform:      darwin
[debug] [2025-04-16T10:40:14.900Z] Node Version:  v18.20.8
[debug] [2025-04-16T10:40:14.905Z] Time:          Wed Apr 16 2025 12:40:14 GMT+0200 (Eastern European Standard Time)
[debug] [2025-04-16T10:40:14.905Z] ----------------------------------------------------------------------
[debug] 
[debug] [2025-04-16T10:40:14.906Z] >>> [apiv2][query] GET https://firebase-public.firebaseio.com/cli.json [none]
[debug] [2025-04-16T10:40:14.928Z] > command requires scopes: ["email","openid","https://www.googleapis.com/auth/cloudplatformprojects.readonly","https://www.googleapis.com/auth/firebase","https://www.googleapis.com/auth/cloud-platform"]
[debug] [2025-04-16T10:40:14.928Z] > authorizing via signed-in user (morabah@gmail.com)
[info] 
     ######## #### ########  ######## ########     ###     ######  ########
     ##        ##  ##     ## ##       ##     ##  ##   ##  ##       ##
     ######    ##  ########  ######   ########  #########  ######  ######
     ##        ##  ##    ##  ##       ##     ## ##     ##       ## ##
     ##       #### ##     ## ######## ########  ##     ##  ######  ########

You're about to initialize a Firebase project in this directory:

  /Volumes/Rabah_SSD/enrpreneurship/Health 5/health-appointment-system/src/firebase_backend/functions

Before we get started, keep in mind:

  * You are currently outside your home directory

[info] 
=== Project Setup
[info] 
[info] First, let's associate this project directory with a Firebase project.
[info] You can create multiple project aliases by running firebase use --add, 
[info] but for now we'll just set up a default project.
[info] 
[debug] [2025-04-16T10:40:15.496Z] <<< [apiv2][status] GET https://firebase-public.firebaseio.com/cli.json 200
[debug] [2025-04-16T10:40:15.498Z] <<< [apiv2][body] GET https://firebase-public.firebaseio.com/cli.json {"cloudBuildErrorAfter":1594252800000,"cloudBuildWarnAfter":1590019200000,"defaultNode10After":1594252800000,"minVersion":"3.0.5","node8DeploysDisabledAfter":1613390400000,"node8RuntimeDisabledAfter":1615809600000,"node8WarnAfter":1600128000000}
